0 info it worked if it ends with ok
1 verbose cli [ '/usr/local/bin/iojs', '/usr/local/bin/npm', 'start' ]
2 info using npm@2.14.2
3 info using node@v2.3.0
4 verbose config Skipping project config: /Users/quoccuong/.npmrc. (matches userconfig)
5 verbose run-script [ 'prestart', 'start', 'poststart' ]
6 info prestart sen@0.0.1
7 info start sen@0.0.1
8 verbose unsafe-perm in lifecycle true
9 info sen@0.0.1 Failed to exec start script
10 verbose stack Error: sen@0.0.1 start: `node server.js`
10 verbose stack Exit status 255
10 verbose stack     at EventEmitter.<anonymous> (/usr/local/lib/node_modules/npm/lib/utils/lifecycle.js:214:16)
10 verbose stack     at emitTwo (events.js:87:13)
10 verbose stack     at EventEmitter.emit (events.js:172:7)
10 verbose stack     at ChildProcess.<anonymous> (/usr/local/lib/node_modules/npm/lib/utils/spawn.js:24:14)
10 verbose stack     at emitTwo (events.js:87:13)
10 verbose stack     at ChildProcess.emit (events.js:172:7)
10 verbose stack     at maybeClose (internal/child_process.js:764:16)
10 verbose stack     at Process.ChildProcess._handle.onexit (internal/child_process.js:211:5)
11 verbose pkgid sen@0.0.1
12 verbose cwd /Users/quoccuong/PhpstormProjects/ReactNative
13 error Darwin 14.5.0
14 error argv "/usr/local/bin/iojs" "/usr/local/bin/npm" "start"
15 error node v2.3.0
16 error npm  v2.14.2
17 error code ELIFECYCLE
18 error sen@0.0.1 start: `node server.js`
18 error Exit status 255
19 error Failed at the sen@0.0.1 start script 'node server.js'.
19 error This is most likely a problem with the sen package,
19 error not with npm itself.
19 error Tell the author that this fails on your system:
19 error     node server.js
19 error You can get their info via:
19 error     npm owner ls sen
19 error There is likely additional logging output above.
20 verbose exit [ 1, true ]
